# JRE version: OpenJDK Runtime Environment (8.0_212-b04) (build 1.8.0_212-release-1586-b04)
# Java VM: OpenJDK 64-Bit Server VM (25.212-b04 mixed mode windows-amd64 compressed oops)
Heap:
 PSYoungGen      total 67584K, used 35846K [0x00000000e0000000, 0x00000000e5480000, 0x0000000100000000)
  eden space 57856K, 45% used [0x00000000e0000000,0x00000000e1985730,0x00000000e3880000)
  from space 9728K, 99% used [0x00000000e3880000,0x00000000e41fc260,0x00000000e4200000)
  to   space 11264K, 0% used [0x00000000e4980000,0x00000000e4980000,0x00000000e5480000)
 ParOldGen       total 103936K, used 33649K [0x00000000a0000000, 0x00000000a6580000, 0x00000000e0000000)
  object space 103936K, 32% used [0x00000000a0000000,0x00000000a20dc7a8,0x00000000a6580000)
 Metaspace       used 62319K, capacity 64610K, committed 64984K, reserved 1105920K
  class space    used 8543K, capacity 9067K, committed 9176K, reserved 1048576K
GC Heap History (10 events):
Event: 30.292 GC heap before
{Heap before GC invocations=22 (full 2):
 PSYoungGen      total 58880K, used 54917K [0x00000000e0000000, 0x00000000e4d00000, 0x0000000100000000)
  eden space 49664K, 100% used [0x00000000e0000000,0x00000000e3080000,0x00000000e3080000)
  from space 9216K, 56% used [0x00000000e3080000,0x00000000e35a1478,0x00000000e3980000)
  to   space 8704K, 0% used [0x00000000e4480000,0x00000000e4480000,0x00000000e4d00000)
 ParOldGen       total 66560K, used 25786K [0x00000000a0000000, 0x00000000a4100000, 0x00000000e0000000)
  object space 66560K, 38% used [0x00000000a0000000,0x00000000a192ebc0,0x00000000a4100000)
 Metaspace       used 55839K, capacity 57570K, committed 57856K, reserved 1099776K
  class space    used 7715K, capacity 8097K, committed 8192K, reserved 1048576K
Event: 30.300 GC heap after
Heap after GC invocations=22 (full 2):
 PSYoungGen      total 68096K, used 5134K [0x00000000e0000000, 0x00000000e4c00000, 0x0000000100000000)
  eden space 60416K, 0% used [0x00000000e0000000,0x00000000e0000000,0x00000000e3b00000)
  from space 7680K, 66% used [0x00000000e4480000,0x00000000e4983bd8,0x00000000e4c00000)
  to   space 8704K, 0% used [0x00000000e3b00000,0x00000000e3b00000,0x00000000e4380000)
 ParOldGen       total 66560K, used 29124K [0x00000000a0000000, 0x00000000a4100000, 0x00000000e0000000)
  object space 66560K, 43% used [0x00000000a0000000,0x00000000a1c713d0,0x00000000a4100000)
 Metaspace       used 55839K, capacity 57570K, committed 57856K, reserved 1099776K
  class space    used 7715K, capacity 8097K, committed 8192K, reserved 1048576K
}
Event: 34.635 GC heap before
{Heap before GC invocations=23 (full 2):
 PSYoungGen      total 68096K, used 26248K [0x00000000e0000000, 0x00000000e4c00000, 0x0000000100000000)
  eden space 60416K, 34% used [0x00000000e0000000,0x00000000e149e4a8,0x00000000e3b00000)
  from space 7680K, 66% used [0x00000000e4480000,0x00000000e4983bd8,0x00000000e4c00000)
  to   space 8704K, 0% used [0x00000000e3b00000,0x00000000e3b00000,0x00000000e4380000)
 ParOldGen       total 66560K, used 29124K [0x00000000a0000000, 0x00000000a4100000, 0x00000000e0000000)
  object space 66560K, 43% used [0x00000000a0000000,0x00000000a1c713d0,0x00000000a4100000)
 Metaspace       used 57202K, capacity 59022K, committed 59096K, reserved 1099776K
  class space    used 7898K, capacity 8375K, committed 8408K, reserved 1048576K
Event: 34.640 GC heap after
Heap after GC invocations=23 (full 2):
 PSYoungGen      total 61952K, used 3054K [0x00000000e0000000, 0x00000000e4a80000, 0x0000000100000000)
  eden space 58880K, 0% used [0x00000000e0000000,0x00000000e0000000,0x00000000e3980000)
  from space 3072K, 99% used [0x00000000e3b00000,0x00000000e3dfb880,0x00000000e3e00000)
  to   space 8704K, 0% used [0x00000000e4200000,0x00000000e4200000,0x00000000e4a80000)
 ParOldGen       total 66560K, used 31329K [0x00000000a0000000, 0x00000000a4100000, 0x00000000e0000000)
  object space 66560K, 47% used [0x00000000a0000000,0x00000000a1e98610,0x00000000a4100000)
 Metaspace       used 57202K, capacity 59022K, committed 59096K, reserved 1099776K
  class space    used 7898K, capacity 8375K, committed 8408K, reserved 1048576K
}
Event: 34.640 GC heap before
{Heap before GC invocations=24 (full 3):
 PSYoungGen      total 61952K, used 3054K [0x00000000e0000000, 0x00000000e4a80000, 0x0000000100000000)
  eden space 58880K, 0% used [0x00000000e0000000,0x00000000e0000000,0x00000000e3980000)
  from space 3072K, 99% used [0x00000000e3b00000,0x00000000e3dfb880,0x00000000e3e00000)
  to   space 8704K, 0% used [0x00000000e4200000,0x00000000e4200000,0x00000000e4a80000)
 ParOldGen       total 66560K, used 31329K [0x00000000a0000000, 0x00000000a4100000, 0x00000000e0000000)
  object space 66560K, 47% used [0x00000000a0000000,0x00000000a1e98610,0x00000000a4100000)
 Metaspace       used 57202K, capacity 59022K, committed 59096K, reserved 1099776K
  class space    used 7898K, capacity 8375K, committed 8408K, reserved 1048576K
Event: 34.887 GC heap after
Heap after GC invocations=24 (full 3):
 PSYoungGen      total 61952K, used 0K [0x00000000e0000000, 0x00000000e4a80000, 0x0000000100000000)
  eden space 58880K, 0% used [0x00000000e0000000,0x00000000e0000000,0x00000000e3980000)
  from space 3072K, 0% used [0x00000000e3b00000,0x00000000e3b00000,0x00000000e3e00000)
  to   space 8704K, 0% used [0x00000000e4200000,0x00000000e4200000,0x00000000e4a80000)
 ParOldGen       total 103936K, used 33024K [0x00000000a0000000, 0x00000000a6580000, 0x00000000e0000000)
  object space 103936K, 31% used [0x00000000a0000000,0x00000000a2040238,0x00000000a6580000)
 Metaspace       used 57202K, capacity 59022K, committed 59096K, reserved 1099776K
  class space    used 7898K, capacity 8375K, committed 8408K, reserved 1048576K
}
Event: 41.040 GC heap before
{Heap before GC invocations=25 (full 3):
 PSYoungGen      total 61952K, used 58880K [0x00000000e0000000, 0x00000000e4a80000, 0x0000000100000000)
  eden space 58880K, 100% used [0x00000000e0000000,0x00000000e3980000,0x00000000e3980000)
  from space 3072K, 0% used [0x00000000e3b00000,0x00000000e3b00000,0x00000000e3e00000)
  to   space 8704K, 0% used [0x00000000e4200000,0x00000000e4200000,0x00000000e4a80000)
 ParOldGen       total 103936K, used 33024K [0x00000000a0000000, 0x00000000a6580000, 0x00000000e0000000)
  object space 103936K, 31% used [0x00000000a0000000,0x00000000a2040238,0x00000000a6580000)
 Metaspace       used 60915K, capacity 63010K, committed 63192K, reserved 1103872K
  class space    used 8394K, capacity 8869K, committed 8920K, reserved 1048576K
Event: 41.046 GC heap after
Heap after GC invocations=25 (full 3):
 PSYoungGen      total 66560K, used 8092K [0x00000000e0000000, 0x00000000e5400000, 0x0000000100000000)
  eden space 57856K, 0% used [0x00000000e0000000,0x00000000e0000000,0x00000000e3880000)
  from space 8704K, 92% used [0x00000000e4200000,0x00000000e49e7188,0x00000000e4a80000)
  to   space 9728K, 0% used [0x00000000e3880000,0x00000000e3880000,0x00000000e4200000)
 ParOldGen       total 103936K, used 33032K [0x00000000a0000000, 0x00000000a6580000, 0x00000000e0000000)
  object space 103936K, 31% used [0x00000000a0000000,0x00000000a2042238,0x00000000a6580000)
 Metaspace       used 60915K, capacity 63010K, committed 63192K, reserved 1103872K
  class space    used 8394K, capacity 8869K, committed 8920K, reserved 1048576K
}
Event: 50.709 GC heap before
{Heap before GC invocations=26 (full 3):
 PSYoungGen      total 66560K, used 65948K [0x00000000e0000000, 0x00000000e5400000, 0x0000000100000000)
  eden space 57856K, 100% used [0x00000000e0000000,0x00000000e3880000,0x00000000e3880000)
  from space 8704K, 92% used [0x00000000e4200000,0x00000000e49e7188,0x00000000e4a80000)
  to   space 9728K, 0% used [0x00000000e3880000,0x00000000e3880000,0x00000000e4200000)
 ParOldGen       total 103936K, used 33032K [0x00000000a0000000, 0x00000000a6580000, 0x00000000e0000000)
  object space 103936K, 31% used [0x00000000a0000000,0x00000000a2042238,0x00000000a6580000)
 Metaspace       used 61905K, capacity 64150K, committed 64344K, reserved 1103872K
  class space    used 8474K, capacity 8965K, committed 9048K, reserved 1048576K
Event: 50.716 GC heap after
Heap after GC invocations=26 (full 3):
 PSYoungGen      total 67584K, used 9712K [0x00000000e0000000, 0x00000000e5480000, 0x0000000100000000)
  eden space 57856K, 0% used [0x00000000e0000000,0x00000000e0000000,0x00000000e3880000)
  from space 9728K, 99% used [0x00000000e3880000,0x00000000e41fc260,0x00000000e4200000)
  to   space 11264K, 0% used [0x00000000e4980000,0x00000000e4980000,0x00000000e5480000)
 ParOldGen       total 103936K, used 33649K [0x00000000a0000000, 0x00000000a6580000, 0x00000000e0000000)
  object space 103936K, 32% used [0x00000000a0000000,0x00000000a20dc7a8,0x00000000a6580000)
 Metaspace       used 61905K, capacity 64150K, committed 64344K, reserved 1103872K
  class space    used 8474K, capacity 8965K, committed 9048K, reserved 1048576K
}

