# JRE version: OpenJDK Runtime Environment (8.0_212-b04) (build 1.8.0_212-release-1586-b04)
# Java VM: OpenJDK 64-Bit Server VM (25.212-b04 mixed mode windows-amd64 compressed oops)
Heap:
 PSYoungGen      total 61440K, used 6207K [0x00000000e0000000, 0x00000000e4480000, 0x0000000100000000)
  eden space 53760K, 11% used [0x00000000e0000000,0x00000000e060ffe8,0x00000000e3480000)
  from space 7680K, 0% used [0x00000000e3d00000,0x00000000e3d00000,0x00000000e4480000)
  to   space 8192K, 0% used [0x00000000e3480000,0x00000000e3480000,0x00000000e3c80000)
 ParOldGen       total 75264K, used 17068K [0x00000000a0000000, 0x00000000a4980000, 0x00000000e0000000)
  object space 75264K, 22% used [0x00000000a0000000,0x00000000a10ab138,0x00000000a4980000)
 Metaspace       used 46424K, capacity 47386K, committed 48128K, reserved 1099776K
  class space    used 6228K, capacity 6492K, committed 6656K, reserved 1048576K
GC Heap History (10 events):
Event: 63.651 GC heap before
{Heap before GC invocations=48 (full 18):
 PSYoungGen      total 60928K, used 1010K [0x00000000e0000000, 0x00000000e4580000, 0x0000000100000000)
  eden space 52736K, 0% used [0x00000000e0000000,0x00000000e0000000,0x00000000e3380000)
  from space 8192K, 12% used [0x00000000e3d80000,0x00000000e3e7c9d8,0x00000000e4580000)
  to   space 9216K, 0% used [0x00000000e3380000,0x00000000e3380000,0x00000000e3c80000)
 ParOldGen       total 75264K, used 16717K [0x00000000a0000000, 0x00000000a4980000, 0x00000000e0000000)
  object space 75264K, 22% used [0x00000000a0000000,0x00000000a1053438,0x00000000a4980000)
 Metaspace       used 46377K, capacity 47316K, committed 47872K, reserved 1099776K
  class space    used 6220K, capacity 6490K, committed 6656K, reserved 1048576K
Event: 63.750 GC heap after
Heap after GC invocations=48 (full 18):
 PSYoungGen      total 60928K, used 0K [0x00000000e0000000, 0x00000000e4580000, 0x0000000100000000)
  eden space 52736K, 0% used [0x00000000e0000000,0x00000000e0000000,0x00000000e3380000)
  from space 8192K, 0% used [0x00000000e3d80000,0x00000000e3d80000,0x00000000e4580000)
  to   space 9216K, 0% used [0x00000000e3380000,0x00000000e3380000,0x00000000e3c80000)
 ParOldGen       total 75264K, used 17492K [0x00000000a0000000, 0x00000000a4980000, 0x00000000e0000000)
  object space 75264K, 23% used [0x00000000a0000000,0x00000000a11152d8,0x00000000a4980000)
 Metaspace       used 46377K, capacity 47316K, committed 47872K, reserved 1097728K
  class space    used 6220K, capacity 6490K, committed 6656K, reserved 1048576K
}
Event: 63.752 GC heap before
{Heap before GC invocations=49 (full 18):
 PSYoungGen      total 60928K, used 1021K [0x00000000e0000000, 0x00000000e4580000, 0x0000000100000000)
  eden space 52736K, 1% used [0x00000000e0000000,0x00000000e00ff558,0x00000000e3380000)
  from space 8192K, 0% used [0x00000000e3d80000,0x00000000e3d80000,0x00000000e4580000)
  to   space 9216K, 0% used [0x00000000e3380000,0x00000000e3380000,0x00000000e3c80000)
 ParOldGen       total 75264K, used 17492K [0x00000000a0000000, 0x00000000a4980000, 0x00000000e0000000)
  object space 75264K, 23% used [0x00000000a0000000,0x00000000a11152d8,0x00000000a4980000)
 Metaspace       used 46379K, capacity 47316K, committed 47872K, reserved 1101824K
  class space    used 6220K, capacity 6490K, committed 6656K, reserved 1048576K
Event: 63.753 GC heap after
Heap after GC invocations=49 (full 18):
 PSYoungGen      total 61952K, used 160K [0x00000000e0000000, 0x00000000e4580000, 0x0000000100000000)
  eden space 52736K, 0% used [0x00000000e0000000,0x00000000e0000000,0x00000000e3380000)
  from space 9216K, 1% used [0x00000000e3380000,0x00000000e33a8000,0x00000000e3c80000)
  to   space 8704K, 0% used [0x00000000e3d00000,0x00000000e3d00000,0x00000000e4580000)
 ParOldGen       total 75264K, used 17492K [0x00000000a0000000, 0x00000000a4980000, 0x00000000e0000000)
  object space 75264K, 23% used [0x00000000a0000000,0x00000000a11152d8,0x00000000a4980000)
 Metaspace       used 46379K, capacity 47316K, committed 47872K, reserved 1101824K
  class space    used 6220K, capacity 6490K, committed 6656K, reserved 1048576K
}
Event: 63.753 GC heap before
{Heap before GC invocations=50 (full 19):
 PSYoungGen      total 61952K, used 160K [0x00000000e0000000, 0x00000000e4580000, 0x0000000100000000)
  eden space 52736K, 0% used [0x00000000e0000000,0x00000000e0000000,0x00000000e3380000)
  from space 9216K, 1% used [0x00000000e3380000,0x00000000e33a8000,0x00000000e3c80000)
  to   space 8704K, 0% used [0x00000000e3d00000,0x00000000e3d00000,0x00000000e4580000)
 ParOldGen       total 75264K, used 17492K [0x00000000a0000000, 0x00000000a4980000, 0x00000000e0000000)
  object space 75264K, 23% used [0x00000000a0000000,0x00000000a11152d8,0x00000000a4980000)
 Metaspace       used 46379K, capacity 47316K, committed 47872K, reserved 1101824K
  class space    used 6220K, capacity 6490K, committed 6656K, reserved 1048576K
Event: 63.781 GC heap after
Heap after GC invocations=50 (full 19):
 PSYoungGen      total 61952K, used 0K [0x00000000e0000000, 0x00000000e4580000, 0x0000000100000000)
  eden space 52736K, 0% used [0x00000000e0000000,0x00000000e0000000,0x00000000e3380000)
  from space 9216K, 0% used [0x00000000e3380000,0x00000000e3380000,0x00000000e3c80000)
  to   space 8704K, 0% used [0x00000000e3d00000,0x00000000e3d00000,0x00000000e4580000)
 ParOldGen       total 75264K, used 17224K [0x00000000a0000000, 0x00000000a4980000, 0x00000000e0000000)
  object space 75264K, 22% used [0x00000000a0000000,0x00000000a10d2308,0x00000000a4980000)
 Metaspace       used 46379K, capacity 47316K, committed 47872K, reserved 1097728K
  class space    used 6220K, capacity 6490K, committed 6656K, reserved 1048576K
}
Event: 63.781 GC heap before
{Heap before GC invocations=51 (full 19):
 PSYoungGen      total 61952K, used 0K [0x00000000e0000000, 0x00000000e4580000, 0x0000000100000000)
  eden space 52736K, 0% used [0x00000000e0000000,0x00000000e0000000,0x00000000e3380000)
  from space 9216K, 0% used [0x00000000e3380000,0x00000000e3380000,0x00000000e3c80000)
  to   space 8704K, 0% used [0x00000000e3d00000,0x00000000e3d00000,0x00000000e4580000)
 ParOldGen       total 75264K, used 17224K [0x00000000a0000000, 0x00000000a4980000, 0x00000000e0000000)
  object space 75264K, 22% used [0x00000000a0000000,0x00000000a10d2308,0x00000000a4980000)
 Metaspace       used 46379K, capacity 47316K, committed 47872K, reserved 1101824K
  class space    used 6220K, capacity 6490K, committed 6656K, reserved 1048576K
Event: 63.782 GC heap after
Heap after GC invocations=51 (full 19):
 PSYoungGen      total 61440K, used 0K [0x00000000e0000000, 0x00000000e4480000, 0x0000000100000000)
  eden space 53760K, 0% used [0x00000000e0000000,0x00000000e0000000,0x00000000e3480000)
  from space 7680K, 0% used [0x00000000e3d00000,0x00000000e3d00000,0x00000000e4480000)
  to   space 8192K, 0% used [0x00000000e3480000,0x00000000e3480000,0x00000000e3c80000)
 ParOldGen       total 75264K, used 17224K [0x00000000a0000000, 0x00000000a4980000, 0x00000000e0000000)
  object space 75264K, 22% used [0x00000000a0000000,0x00000000a10d2308,0x00000000a4980000)
 Metaspace       used 46379K, capacity 47316K, committed 47872K, reserved 1101824K
  class space    used 6220K, capacity 6490K, committed 6656K, reserved 1048576K
}
Event: 63.782 GC heap before
{Heap before GC invocations=52 (full 20):
 PSYoungGen      total 61440K, used 0K [0x00000000e0000000, 0x00000000e4480000, 0x0000000100000000)
  eden space 53760K, 0% used [0x00000000e0000000,0x00000000e0000000,0x00000000e3480000)
  from space 7680K, 0% used [0x00000000e3d00000,0x00000000e3d00000,0x00000000e4480000)
  to   space 8192K, 0% used [0x00000000e3480000,0x00000000e3480000,0x00000000e3c80000)
 ParOldGen       total 75264K, used 17224K [0x00000000a0000000, 0x00000000a4980000, 0x00000000e0000000)
  object space 75264K, 22% used [0x00000000a0000000,0x00000000a10d2308,0x00000000a4980000)
 Metaspace       used 46379K, capacity 47316K, committed 47872K, reserved 1101824K
  class space    used 6220K, capacity 6490K, committed 6656K, reserved 1048576K
Event: 63.872 GC heap after
Heap after GC invocations=52 (full 20):
 PSYoungGen      total 61440K, used 0K [0x00000000e0000000, 0x00000000e4480000, 0x0000000100000000)
  eden space 53760K, 0% used [0x00000000e0000000,0x00000000e0000000,0x00000000e3480000)
  from space 7680K, 0% used [0x00000000e3d00000,0x00000000e3d00000,0x00000000e4480000)
  to   space 8192K, 0% used [0x00000000e3480000,0x00000000e3480000,0x00000000e3c80000)
 ParOldGen       total 75264K, used 17068K [0x00000000a0000000, 0x00000000a4980000, 0x00000000e0000000)
  object space 75264K, 22% used [0x00000000a0000000,0x00000000a10ab138,0x00000000a4980000)
 Metaspace       used 46379K, capacity 47316K, committed 47872K, reserved 1097728K
  class space    used 6220K, capacity 6490K, committed 6656K, reserved 1048576K
}

