# JRE version: OpenJDK Runtime Environment (8.0_212-b04) (build 1.8.0_212-release-1586-b04)
# Java VM: OpenJDK 64-Bit Server VM (25.212-b04 mixed mode windows-amd64 compressed oops)
Heap:
 PSYoungGen      total 143360K, used 94712K [0x0000000760000000, 0x0000000769d80000, 0x00000007c0000000)
  eden space 130560K, 62% used [0x0000000760000000,0x0000000765006048,0x0000000767f80000)
  from space 12800K, 99% used [0x0000000768e80000,0x0000000769af80d8,0x0000000769b00000)
  to   space 15360K, 0% used [0x0000000767f80000,0x0000000767f80000,0x0000000768e80000)
 ParOldGen       total 92672K, used 21853K [0x00000006a0000000, 0x00000006a5a80000, 0x0000000760000000)
  object space 92672K, 23% used [0x00000006a0000000,0x00000006a1557658,0x00000006a5a80000)
 Metaspace       used 49881K, capacity 51514K, committed 51752K, reserved 1093632K
  class space    used 6717K, capacity 7121K, committed 7208K, reserved 1048576K
GC Heap History (10 events):
Event: 3.952 GC heap before
{Heap before GC invocations=8 (full 1):
 PSYoungGen      total 74240K, used 64000K [0x0000000760000000, 0x0000000765700000, 0x00000007c0000000)
  eden space 64000K, 100% used [0x0000000760000000,0x0000000763e80000,0x0000000763e80000)
  from space 10240K, 0% used [0x0000000764a00000,0x0000000764a00000,0x0000000765400000)
  to   space 11776K, 0% used [0x0000000763e80000,0x0000000763e80000,0x0000000764a00000)
 ParOldGen       total 60416K, used 9955K [0x00000006a0000000, 0x00000006a3b00000, 0x0000000760000000)
  object space 60416K, 16% used [0x00000006a0000000,0x00000006a09b8df0,0x00000006a3b00000)
 Metaspace       used 27929K, capacity 28490K, committed 28672K, reserved 1073152K
  class space    used 3826K, capacity 4008K, committed 4096K, reserved 1048576K
Event: 3.957 GC heap after
Heap after GC invocations=8 (full 1):
 PSYoungGen      total 75776K, used 7233K [0x0000000760000000, 0x0000000767980000, 0x00000007c0000000)
  eden space 64000K, 0% used [0x0000000760000000,0x0000000760000000,0x0000000763e80000)
  from space 11776K, 61% used [0x0000000763e80000,0x0000000764590668,0x0000000764a00000)
  to   space 11264K, 0% used [0x0000000766e80000,0x0000000766e80000,0x0000000767980000)
 ParOldGen       total 60416K, used 9963K [0x00000006a0000000, 0x00000006a3b00000, 0x0000000760000000)
  object space 60416K, 16% used [0x00000006a0000000,0x00000006a09badf0,0x00000006a3b00000)
 Metaspace       used 27929K, capacity 28490K, committed 28672K, reserved 1073152K
  class space    used 3826K, capacity 4008K, committed 4096K, reserved 1048576K
}
Event: 6.010 GC heap before
{Heap before GC invocations=9 (full 1):
 PSYoungGen      total 75776K, used 71233K [0x0000000760000000, 0x0000000767980000, 0x00000007c0000000)
  eden space 64000K, 100% used [0x0000000760000000,0x0000000763e80000,0x0000000763e80000)
  from space 11776K, 61% used [0x0000000763e80000,0x0000000764590668,0x0000000764a00000)
  to   space 11264K, 0% used [0x0000000766e80000,0x0000000766e80000,0x0000000767980000)
 ParOldGen       total 60416K, used 9963K [0x00000006a0000000, 0x00000006a3b00000, 0x0000000760000000)
  object space 60416K, 16% used [0x00000006a0000000,0x00000006a09badf0,0x00000006a3b00000)
 Metaspace       used 31749K, capacity 32464K, committed 32768K, reserved 1077248K
  class space    used 4299K, capacity 4511K, committed 4608K, reserved 1048576K
Event: 6.018 GC heap after
Heap after GC invocations=9 (full 1):
 PSYoungGen      total 108032K, used 8559K [0x0000000760000000, 0x0000000767780000, 0x00000007c0000000)
  eden space 98816K, 0% used [0x0000000760000000,0x0000000760000000,0x0000000766080000)
  from space 9216K, 92% used [0x0000000766e80000,0x00000007676dbdb0,0x0000000767780000)
  to   space 11776K, 0% used [0x0000000766080000,0x0000000766080000,0x0000000766c00000)
 ParOldGen       total 60416K, used 9971K [0x00000006a0000000, 0x00000006a3b00000, 0x0000000760000000)
  object space 60416K, 16% used [0x00000006a0000000,0x00000006a09bcdf0,0x00000006a3b00000)
 Metaspace       used 31749K, capacity 32464K, committed 32768K, reserved 1077248K
  class space    used 4299K, capacity 4511K, committed 4608K, reserved 1048576K
}
Event: 6.568 GC heap before
{Heap before GC invocations=10 (full 1):
 PSYoungGen      total 108032K, used 77227K [0x0000000760000000, 0x0000000767780000, 0x00000007c0000000)
  eden space 98816K, 69% used [0x0000000760000000,0x000000076430f150,0x0000000766080000)
  from space 9216K, 92% used [0x0000000766e80000,0x00000007676dbdb0,0x0000000767780000)
  to   space 11776K, 0% used [0x0000000766080000,0x0000000766080000,0x0000000766c00000)
 ParOldGen       total 60416K, used 9971K [0x00000006a0000000, 0x00000006a3b00000, 0x0000000760000000)
  object space 60416K, 16% used [0x00000006a0000000,0x00000006a09bcdf0,0x00000006a3b00000)
 Metaspace       used 34686K, capacity 35410K, committed 35496K, reserved 1079296K
  class space    used 4780K, capacity 4994K, committed 5032K, reserved 1048576K
Event: 6.577 GC heap after
Heap after GC invocations=10 (full 1):
 PSYoungGen      total 110592K, used 11669K [0x0000000760000000, 0x0000000769b00000, 0x00000007c0000000)
  eden space 98816K, 0% used [0x0000000760000000,0x0000000760000000,0x0000000766080000)
  from space 11776K, 99% used [0x0000000766080000,0x0000000766be5400,0x0000000766c00000)
  to   space 12800K, 0% used [0x0000000768e80000,0x0000000768e80000,0x0000000769b00000)
 ParOldGen       total 60416K, used 9979K [0x00000006a0000000, 0x00000006a3b00000, 0x0000000760000000)
  object space 60416K, 16% used [0x00000006a0000000,0x00000006a09bedf0,0x00000006a3b00000)
 Metaspace       used 34686K, capacity 35410K, committed 35496K, reserved 1079296K
  class space    used 4780K, capacity 4994K, committed 5032K, reserved 1048576K
}
Event: 6.577 GC heap before
{Heap before GC invocations=11 (full 2):
 PSYoungGen      total 110592K, used 11669K [0x0000000760000000, 0x0000000769b00000, 0x00000007c0000000)
  eden space 98816K, 0% used [0x0000000760000000,0x0000000760000000,0x0000000766080000)
  from space 11776K, 99% used [0x0000000766080000,0x0000000766be5400,0x0000000766c00000)
  to   space 12800K, 0% used [0x0000000768e80000,0x0000000768e80000,0x0000000769b00000)
 ParOldGen       total 60416K, used 9979K [0x00000006a0000000, 0x00000006a3b00000, 0x0000000760000000)
  object space 60416K, 16% used [0x00000006a0000000,0x00000006a09bedf0,0x00000006a3b00000)
 Metaspace       used 34686K, capacity 35410K, committed 35496K, reserved 1079296K
  class space    used 4780K, capacity 4994K, committed 5032K, reserved 1048576K
Event: 6.623 GC heap after
Heap after GC invocations=11 (full 2):
 PSYoungGen      total 110592K, used 0K [0x0000000760000000, 0x0000000769b00000, 0x00000007c0000000)
  eden space 98816K, 0% used [0x0000000760000000,0x0000000760000000,0x0000000766080000)
  from space 11776K, 0% used [0x0000000766080000,0x0000000766080000,0x0000000766c00000)
  to   space 12800K, 0% used [0x0000000768e80000,0x0000000768e80000,0x0000000769b00000)
 ParOldGen       total 92672K, used 18964K [0x00000006a0000000, 0x00000006a5a80000, 0x0000000760000000)
  object space 92672K, 20% used [0x00000006a0000000,0x00000006a1285138,0x00000006a5a80000)
 Metaspace       used 34686K, capacity 35410K, committed 35496K, reserved 1079296K
  class space    used 4780K, capacity 4994K, committed 5032K, reserved 1048576K
}
Event: 7.460 GC heap before
{Heap before GC invocations=12 (full 2):
 PSYoungGen      total 110592K, used 98816K [0x0000000760000000, 0x0000000769b00000, 0x00000007c0000000)
  eden space 98816K, 100% used [0x0000000760000000,0x0000000766080000,0x0000000766080000)
  from space 11776K, 0% used [0x0000000766080000,0x0000000766080000,0x0000000766c00000)
  to   space 12800K, 0% used [0x0000000768e80000,0x0000000768e80000,0x0000000769b00000)
 ParOldGen       total 92672K, used 18964K [0x00000006a0000000, 0x00000006a5a80000, 0x0000000760000000)
  object space 92672K, 20% used [0x00000006a0000000,0x00000006a1285138,0x00000006a5a80000)
 Metaspace       used 43764K, capacity 45006K, committed 45224K, reserved 1087488K
  class space    used 5926K, capacity 6224K, committed 6312K, reserved 1048576K
Event: 7.476 GC heap after
Heap after GC invocations=12 (full 2):
 PSYoungGen      total 143360K, used 12768K [0x0000000760000000, 0x0000000769d80000, 0x00000007c0000000)
  eden space 130560K, 0% used [0x0000000760000000,0x0000000760000000,0x0000000767f80000)
  from space 12800K, 99% used [0x0000000768e80000,0x0000000769af80d8,0x0000000769b00000)
  to   space 15360K, 0% used [0x0000000767f80000,0x0000000767f80000,0x0000000768e80000)
 ParOldGen       total 92672K, used 21853K [0x00000006a0000000, 0x00000006a5a80000, 0x0000000760000000)
  object space 92672K, 23% used [0x00000006a0000000,0x00000006a1557658,0x00000006a5a80000)
 Metaspace       used 43764K, capacity 45006K, committed 45224K, reserved 1087488K
  class space    used 5926K, capacity 6224K, committed 6312K, reserved 1048576K
}

