# JRE version: OpenJDK Runtime Environment (8.0_212-b04) (build 1.8.0_212-release-1586-b04)
# Java VM: OpenJDK 64-Bit Server VM (25.212-b04 mixed mode windows-amd64 compressed oops)
Heap:
 PSYoungGen      total 135680K, used 83309K [0x0000000760000000, 0x000000076b080000, 0x00000007c0000000)
  eden space 114176K, 65% used [0x0000000760000000,0x000000076490d810,0x0000000766f80000)
  from space 21504K, 39% used [0x0000000766f80000,0x00000007677cdf30,0x0000000768480000)
  to   space 20480K, 0% used [0x0000000769c80000,0x0000000769c80000,0x000000076b080000)
 ParOldGen       total 137216K, used 35202K [0x00000006a0000000, 0x00000006a8600000, 0x0000000760000000)
  object space 137216K, 25% used [0x00000006a0000000,0x00000006a22609c0,0x00000006a8600000)
 Metaspace       used 60353K, capacity 62695K, committed 62888K, reserved 1103872K
  class space    used 8280K, capacity 8829K, committed 8872K, reserved 1048576K
GC Heap History (10 events):
Event: 21.083 GC heap before
{Heap before GC invocations=16 (full 2):
 PSYoungGen      total 82944K, used 82933K [0x0000000760000000, 0x0000000767100000, 0x00000007c0000000)
  eden space 71680K, 100% used [0x0000000760000000,0x0000000764600000,0x0000000764600000)
  from space 11264K, 99% used [0x0000000764600000,0x00000007650fd4e0,0x0000000765100000)
  to   space 12288K, 0% used [0x0000000766500000,0x0000000766500000,0x0000000767100000)
 ParOldGen       total 97792K, used 16695K [0x00000006a0000000, 0x00000006a5f80000, 0x0000000760000000)
  object space 97792K, 17% used [0x00000006a0000000,0x00000006a104dd68,0x00000006a5f80000)
 Metaspace       used 51538K, capacity 53160K, committed 53288K, reserved 1095680K
  class space    used 7035K, capacity 7430K, committed 7464K, reserved 1048576K
Event: 21.098 GC heap after
Heap after GC invocations=16 (full 2):
 PSYoungGen      total 100352K, used 12268K [0x0000000760000000, 0x0000000767a80000, 0x00000007c0000000)
  eden space 88064K, 0% used [0x0000000760000000,0x0000000760000000,0x0000000765600000)
  from space 12288K, 99% used [0x0000000766500000,0x00000007670fb330,0x0000000767100000)
  to   space 15360K, 0% used [0x0000000765600000,0x0000000765600000,0x0000000766500000)
 ParOldGen       total 97792K, used 20545K [0x00000006a0000000, 0x00000006a5f80000, 0x0000000760000000)
  object space 97792K, 21% used [0x00000006a0000000,0x00000006a14106e0,0x00000006a5f80000)
 Metaspace       used 51538K, capacity 53160K, committed 53288K, reserved 1095680K
  class space    used 7035K, capacity 7430K, committed 7464K, reserved 1048576K
}
Event: 22.790 GC heap before
{Heap before GC invocations=17 (full 2):
 PSYoungGen      total 100352K, used 100332K [0x0000000760000000, 0x0000000767a80000, 0x00000007c0000000)
  eden space 88064K, 100% used [0x0000000760000000,0x0000000765600000,0x0000000765600000)
  from space 12288K, 99% used [0x0000000766500000,0x00000007670fb330,0x0000000767100000)
  to   space 15360K, 0% used [0x0000000765600000,0x0000000765600000,0x0000000766500000)
 ParOldGen       total 97792K, used 20545K [0x00000006a0000000, 0x00000006a5f80000, 0x0000000760000000)
  object space 97792K, 21% used [0x00000006a0000000,0x00000006a14106e0,0x00000006a5f80000)
 Metaspace       used 56704K, capacity 58598K, committed 58792K, reserved 1099776K
  class space    used 7803K, capacity 8251K, committed 8360K, reserved 1048576K
Event: 22.803 GC heap after
Heap after GC invocations=17 (full 2):
 PSYoungGen      total 103424K, used 15341K [0x0000000760000000, 0x0000000769780000, 0x00000007c0000000)
  eden space 88064K, 0% used [0x0000000760000000,0x0000000760000000,0x0000000765600000)
  from space 15360K, 99% used [0x0000000765600000,0x00000007664fb7c0,0x0000000766500000)
  to   space 19456K, 0% used [0x0000000768480000,0x0000000768480000,0x0000000769780000)
 ParOldGen       total 97792K, used 26207K [0x00000006a0000000, 0x00000006a5f80000, 0x0000000760000000)
  object space 97792K, 26% used [0x00000006a0000000,0x00000006a1997fc0,0x00000006a5f80000)
 Metaspace       used 56704K, capacity 58598K, committed 58792K, reserved 1099776K
  class space    used 7803K, capacity 8251K, committed 8360K, reserved 1048576K
}
Event: 23.012 GC heap before
{Heap before GC invocations=18 (full 2):
 PSYoungGen      total 103424K, used 29873K [0x0000000760000000, 0x0000000769780000, 0x00000007c0000000)
  eden space 88064K, 16% used [0x0000000760000000,0x0000000760e30d40,0x0000000765600000)
  from space 15360K, 99% used [0x0000000765600000,0x00000007664fb7c0,0x0000000766500000)
  to   space 19456K, 0% used [0x0000000768480000,0x0000000768480000,0x0000000769780000)
 ParOldGen       total 97792K, used 26207K [0x00000006a0000000, 0x00000006a5f80000, 0x0000000760000000)
  object space 97792K, 26% used [0x00000006a0000000,0x00000006a1997fc0,0x00000006a5f80000)
 Metaspace       used 57367K, capacity 59159K, committed 59160K, reserved 1099776K
  class space    used 7919K, capacity 8360K, committed 8360K, reserved 1048576K
Event: 23.024 GC heap after
Heap after GC invocations=18 (full 2):
 PSYoungGen      total 133632K, used 17752K [0x0000000760000000, 0x000000076a600000, 0x00000007c0000000)
  eden space 114176K, 0% used [0x0000000760000000,0x0000000760000000,0x0000000766f80000)
  from space 19456K, 91% used [0x0000000768480000,0x00000007695d61b8,0x0000000769780000)
  to   space 21504K, 0% used [0x0000000766f80000,0x0000000766f80000,0x0000000768480000)
 ParOldGen       total 97792K, used 26215K [0x00000006a0000000, 0x00000006a5f80000, 0x0000000760000000)
  object space 97792K, 26% used [0x00000006a0000000,0x00000006a1999fc0,0x00000006a5f80000)
 Metaspace       used 57367K, capacity 59159K, committed 59160K, reserved 1099776K
  class space    used 7919K, capacity 8360K, committed 8360K, reserved 1048576K
}
Event: 23.024 GC heap before
{Heap before GC invocations=19 (full 3):
 PSYoungGen      total 133632K, used 17752K [0x0000000760000000, 0x000000076a600000, 0x00000007c0000000)
  eden space 114176K, 0% used [0x0000000760000000,0x0000000760000000,0x0000000766f80000)
  from space 19456K, 91% used [0x0000000768480000,0x00000007695d61b8,0x0000000769780000)
  to   space 21504K, 0% used [0x0000000766f80000,0x0000000766f80000,0x0000000768480000)
 ParOldGen       total 97792K, used 26215K [0x00000006a0000000, 0x00000006a5f80000, 0x0000000760000000)
  object space 97792K, 26% used [0x00000006a0000000,0x00000006a1999fc0,0x00000006a5f80000)
 Metaspace       used 57367K, capacity 59159K, committed 59160K, reserved 1099776K
  class space    used 7919K, capacity 8360K, committed 8360K, reserved 1048576K
Event: 23.235 GC heap after
Heap after GC invocations=19 (full 3):
 PSYoungGen      total 133632K, used 0K [0x0000000760000000, 0x000000076a600000, 0x00000007c0000000)
  eden space 114176K, 0% used [0x0000000760000000,0x0000000760000000,0x0000000766f80000)
  from space 19456K, 0% used [0x0000000768480000,0x0000000768480000,0x0000000769780000)
  to   space 21504K, 0% used [0x0000000766f80000,0x0000000766f80000,0x0000000768480000)
 ParOldGen       total 137216K, used 35194K [0x00000006a0000000, 0x00000006a8600000, 0x0000000760000000)
  object space 137216K, 25% used [0x00000006a0000000,0x00000006a225e9c0,0x00000006a8600000)
 Metaspace       used 57360K, capacity 59139K, committed 59160K, reserved 1099776K
  class space    used 7917K, capacity 8356K, committed 8360K, reserved 1048576K
}
Event: 29.461 GC heap before
{Heap before GC invocations=20 (full 3):
 PSYoungGen      total 133632K, used 114176K [0x0000000760000000, 0x000000076a600000, 0x00000007c0000000)
  eden space 114176K, 100% used [0x0000000760000000,0x0000000766f80000,0x0000000766f80000)
  from space 19456K, 0% used [0x0000000768480000,0x0000000768480000,0x0000000769780000)
  to   space 21504K, 0% used [0x0000000766f80000,0x0000000766f80000,0x0000000768480000)
 ParOldGen       total 137216K, used 35194K [0x00000006a0000000, 0x00000006a8600000, 0x0000000760000000)
  object space 137216K, 25% used [0x00000006a0000000,0x00000006a225e9c0,0x00000006a8600000)
 Metaspace       used 59206K, capacity 61581K, committed 61736K, reserved 1101824K
  class space    used 8165K, capacity 8654K, committed 8744K, reserved 1048576K
Event: 29.468 GC heap after
Heap after GC invocations=20 (full 3):
 PSYoungGen      total 135680K, used 8503K [0x0000000760000000, 0x000000076b080000, 0x00000007c0000000)
  eden space 114176K, 0% used [0x0000000760000000,0x0000000760000000,0x0000000766f80000)
  from space 21504K, 39% used [0x0000000766f80000,0x00000007677cdf30,0x0000000768480000)
  to   space 20480K, 0% used [0x0000000769c80000,0x0000000769c80000,0x000000076b080000)
 ParOldGen       total 137216K, used 35202K [0x00000006a0000000, 0x00000006a8600000, 0x0000000760000000)
  object space 137216K, 25% used [0x00000006a0000000,0x00000006a22609c0,0x00000006a8600000)
 Metaspace       used 59206K, capacity 61581K, committed 61736K, reserved 1101824K
  class space    used 8165K, capacity 8654K, committed 8744K, reserved 1048576K
}

