# JRE version: OpenJDK Runtime Environment (8.0_212-b04) (build 1.8.0_212-release-1586-b04)
# Java VM: OpenJDK 64-Bit Server VM (25.212-b04 mixed mode windows-amd64 compressed oops)
Heap:
 PSYoungGen      total 114176K, used 15018K [0x00000000e0000000, 0x00000000ea100000, 0x0000000100000000)
  eden space 102400K, 14% used [0x00000000e0000000,0x00000000e0eaaa78,0x00000000e6400000)
  from space 11776K, 0% used [0x00000000e6400000,0x00000000e6400000,0x00000000e6f80000)
  to   space 12800K, 0% used [0x00000000e9480000,0x00000000e9480000,0x00000000ea100000)
 ParOldGen       total 59392K, used 17456K [0x00000000a0000000, 0x00000000a3a00000, 0x00000000e0000000)
  object space 59392K, 29% used [0x00000000a0000000,0x00000000a110c000,0x00000000a3a00000)
 Metaspace       used 35678K, capacity 36610K, committed 36776K, reserved 1081344K
  class space    used 4914K, capacity 5180K, committed 5288K, reserved 1048576K
GC Heap History (10 events):
Event: 1.956 GC heap before
{Heap before GC invocations=7 (full 1):
 PSYoungGen      total 74752K, used 9001K [0x00000000e0000000, 0x00000000e5600000, 0x0000000100000000)
  eden space 64512K, 0% used [0x00000000e0000000,0x00000000e0000000,0x00000000e3f00000)
  from space 10240K, 87% used [0x00000000e4a00000,0x00000000e52ca4b0,0x00000000e5400000)
  to   space 11264K, 0% used [0x00000000e3f00000,0x00000000e3f00000,0x00000000e4a00000)
 ParOldGen       total 86016K, used 7368K [0x00000000a0000000, 0x00000000a5400000, 0x00000000e0000000)
  object space 86016K, 8% used [0x00000000a0000000,0x00000000a0732190,0x00000000a5400000)
 Metaspace       used 20725K, capacity 21198K, committed 21296K, reserved 1067008K
  class space    used 2997K, capacity 3161K, committed 3200K, reserved 1048576K
Event: 1.982 GC heap after
Heap after GC invocations=7 (full 1):
 PSYoungGen      total 74752K, used 0K [0x00000000e0000000, 0x00000000e5600000, 0x0000000100000000)
  eden space 64512K, 0% used [0x00000000e0000000,0x00000000e0000000,0x00000000e3f00000)
  from space 10240K, 0% used [0x00000000e4a00000,0x00000000e4a00000,0x00000000e5400000)
  to   space 11264K, 0% used [0x00000000e3f00000,0x00000000e3f00000,0x00000000e4a00000)
 ParOldGen       total 59392K, used 9620K [0x00000000a0000000, 0x00000000a3a00000, 0x00000000e0000000)
  object space 59392K, 16% used [0x00000000a0000000,0x00000000a0965108,0x00000000a3a00000)
 Metaspace       used 20725K, capacity 21198K, committed 21296K, reserved 1067008K
  class space    used 2997K, capacity 3161K, committed 3200K, reserved 1048576K
}
Event: 2.510 GC heap before
{Heap before GC invocations=8 (full 1):
 PSYoungGen      total 74752K, used 64512K [0x00000000e0000000, 0x00000000e5600000, 0x0000000100000000)
  eden space 64512K, 100% used [0x00000000e0000000,0x00000000e3f00000,0x00000000e3f00000)
  from space 10240K, 0% used [0x00000000e4a00000,0x00000000e4a00000,0x00000000e5400000)
  to   space 11264K, 0% used [0x00000000e3f00000,0x00000000e3f00000,0x00000000e4a00000)
 ParOldGen       total 59392K, used 9620K [0x00000000a0000000, 0x00000000a3a00000, 0x00000000e0000000)
  object space 59392K, 16% used [0x00000000a0000000,0x00000000a0965108,0x00000000a3a00000)
 Metaspace       used 29014K, capacity 29554K, committed 29696K, reserved 1075200K
  class space    used 3910K, capacity 4065K, committed 4096K, reserved 1048576K
Event: 2.518 GC heap after
Heap after GC invocations=8 (full 1):
 PSYoungGen      total 75776K, used 7996K [0x00000000e0000000, 0x00000000e7a80000, 0x0000000100000000)
  eden space 64512K, 0% used [0x00000000e0000000,0x00000000e0000000,0x00000000e3f00000)
  from space 11264K, 70% used [0x00000000e3f00000,0x00000000e46cf1a8,0x00000000e4a00000)
  to   space 11264K, 0% used [0x00000000e6f80000,0x00000000e6f80000,0x00000000e7a80000)
 ParOldGen       total 59392K, used 9628K [0x00000000a0000000, 0x00000000a3a00000, 0x00000000e0000000)
  object space 59392K, 16% used [0x00000000a0000000,0x00000000a0967108,0x00000000a3a00000)
 Metaspace       used 29014K, capacity 29554K, committed 29696K, reserved 1075200K
  class space    used 3910K, capacity 4065K, committed 4096K, reserved 1048576K
}
Event: 2.822 GC heap before
{Heap before GC invocations=9 (full 1):
 PSYoungGen      total 75776K, used 72508K [0x00000000e0000000, 0x00000000e7a80000, 0x0000000100000000)
  eden space 64512K, 100% used [0x00000000e0000000,0x00000000e3f00000,0x00000000e3f00000)
  from space 11264K, 70% used [0x00000000e3f00000,0x00000000e46cf1a8,0x00000000e4a00000)
  to   space 11264K, 0% used [0x00000000e6f80000,0x00000000e6f80000,0x00000000e7a80000)
 ParOldGen       total 59392K, used 9628K [0x00000000a0000000, 0x00000000a3a00000, 0x00000000e0000000)
  object space 59392K, 16% used [0x00000000a0000000,0x00000000a0967108,0x00000000a3a00000)
 Metaspace       used 31830K, capacity 32304K, committed 32512K, reserved 1077248K
  class space    used 4369K, capacity 4555K, committed 4608K, reserved 1048576K
Event: 2.830 GC heap after
Heap after GC invocations=9 (full 1):
 PSYoungGen      total 113664K, used 8141K [0x00000000e0000000, 0x00000000e7c00000, 0x0000000100000000)
  eden space 102400K, 0% used [0x00000000e0000000,0x00000000e0000000,0x00000000e6400000)
  from space 11264K, 72% used [0x00000000e6f80000,0x00000000e77736e0,0x00000000e7a80000)
  to   space 11776K, 0% used [0x00000000e6400000,0x00000000e6400000,0x00000000e6f80000)
 ParOldGen       total 59392K, used 9636K [0x00000000a0000000, 0x00000000a3a00000, 0x00000000e0000000)
  object space 59392K, 16% used [0x00000000a0000000,0x00000000a0969108,0x00000000a3a00000)
 Metaspace       used 31830K, capacity 32304K, committed 32512K, reserved 1077248K
  class space    used 4369K, capacity 4555K, committed 4608K, reserved 1048576K
}
Event: 3.199 GC heap before
{Heap before GC invocations=10 (full 1):
 PSYoungGen      total 113664K, used 75647K [0x00000000e0000000, 0x00000000e7c00000, 0x0000000100000000)
  eden space 102400K, 65% used [0x00000000e0000000,0x00000000e41ec710,0x00000000e6400000)
  from space 11264K, 72% used [0x00000000e6f80000,0x00000000e77736e0,0x00000000e7a80000)
  to   space 11776K, 0% used [0x00000000e6400000,0x00000000e6400000,0x00000000e6f80000)
 ParOldGen       total 59392K, used 9636K [0x00000000a0000000, 0x00000000a3a00000, 0x00000000e0000000)
  object space 59392K, 16% used [0x00000000a0000000,0x00000000a0969108,0x00000000a3a00000)
 Metaspace       used 34618K, capacity 35440K, committed 35496K, reserved 1079296K
  class space    used 4763K, capacity 4999K, committed 5032K, reserved 1048576K
Event: 3.206 GC heap after
Heap after GC invocations=10 (full 1):
 PSYoungGen      total 114176K, used 10569K [0x00000000e0000000, 0x00000000ea100000, 0x0000000100000000)
  eden space 102400K, 0% used [0x00000000e0000000,0x00000000e0000000,0x00000000e6400000)
  from space 11776K, 89% used [0x00000000e6400000,0x00000000e6e524e8,0x00000000e6f80000)
  to   space 12800K, 0% used [0x00000000e9480000,0x00000000e9480000,0x00000000ea100000)
 ParOldGen       total 59392K, used 9644K [0x00000000a0000000, 0x00000000a3a00000, 0x00000000e0000000)
  object space 59392K, 16% used [0x00000000a0000000,0x00000000a096b108,0x00000000a3a00000)
 Metaspace       used 34618K, capacity 35440K, committed 35496K, reserved 1079296K
  class space    used 4763K, capacity 4999K, committed 5032K, reserved 1048576K
}
Event: 3.206 GC heap before
{Heap before GC invocations=11 (full 2):
 PSYoungGen      total 114176K, used 10569K [0x00000000e0000000, 0x00000000ea100000, 0x0000000100000000)
  eden space 102400K, 0% used [0x00000000e0000000,0x00000000e0000000,0x00000000e6400000)
  from space 11776K, 89% used [0x00000000e6400000,0x00000000e6e524e8,0x00000000e6f80000)
  to   space 12800K, 0% used [0x00000000e9480000,0x00000000e9480000,0x00000000ea100000)
 ParOldGen       total 59392K, used 9644K [0x00000000a0000000, 0x00000000a3a00000, 0x00000000e0000000)
  object space 59392K, 16% used [0x00000000a0000000,0x00000000a096b108,0x00000000a3a00000)
 Metaspace       used 34618K, capacity 35440K, committed 35496K, reserved 1079296K
  class space    used 4763K, capacity 4999K, committed 5032K, reserved 1048576K
Event: 3.241 GC heap after
Heap after GC invocations=11 (full 2):
 PSYoungGen      total 114176K, used 0K [0x00000000e0000000, 0x00000000ea100000, 0x0000000100000000)
  eden space 102400K, 0% used [0x00000000e0000000,0x00000000e0000000,0x00000000e6400000)
  from space 11776K, 0% used [0x00000000e6400000,0x00000000e6400000,0x00000000e6f80000)
  to   space 12800K, 0% used [0x00000000e9480000,0x00000000e9480000,0x00000000ea100000)
 ParOldGen       total 59392K, used 17456K [0x00000000a0000000, 0x00000000a3a00000, 0x00000000e0000000)
  object space 59392K, 29% used [0x00000000a0000000,0x00000000a110c000,0x00000000a3a00000)
 Metaspace       used 34597K, capacity 35374K, committed 35496K, reserved 1079296K
  class space    used 4757K, capacity 4988K, committed 5032K, reserved 1048576K
}

