# JRE version: OpenJDK Runtime Environment (8.0_212-b04) (build 1.8.0_212-release-1586-b04)
# Java VM: OpenJDK 64-Bit Server VM (25.212-b04 mixed mode windows-amd64 compressed oops)
Heap:
 PSYoungGen      total 111616K, used 80071K [0x0000000760000000, 0x0000000767880000, 0x00000007c0000000)
  eden space 99840K, 80% used [0x0000000760000000,0x0000000764e31fb8,0x0000000766180000)
  from space 11776K, 0% used [0x0000000766180000,0x0000000766180000,0x0000000766d00000)
  to   space 10240K, 0% used [0x0000000766e80000,0x0000000766e80000,0x0000000767880000)
 ParOldGen       total 60416K, used 17351K [0x00000006a0000000, 0x00000006a3b00000, 0x0000000760000000)
  object space 60416K, 28% used [0x00000006a0000000,0x00000006a10f1cd8,0x00000006a3b00000)
 Metaspace       used 43034K, capacity 44096K, committed 44288K, reserved 1087488K
  class space    used 5813K, capacity 6082K, committed 6144K, reserved 1048576K
GC Heap History (10 events):
Event: 1.990 GC heap before
{Heap before GC invocations=7 (full 1):
 PSYoungGen      total 74752K, used 9007K [0x0000000760000000, 0x0000000765600000, 0x00000007c0000000)
  eden space 64512K, 0% used [0x0000000760000000,0x0000000760000000,0x0000000763f00000)
  from space 10240K, 87% used [0x0000000764a00000,0x00000007652cbdc0,0x0000000765400000)
  to   space 11264K, 0% used [0x0000000763f00000,0x0000000763f00000,0x0000000764a00000)
 ParOldGen       total 86016K, used 7437K [0x00000006a0000000, 0x00000006a5400000, 0x0000000760000000)
  object space 86016K, 8% used [0x00000006a0000000,0x00000006a0743438,0x00000006a5400000)
 Metaspace       used 20659K, capacity 21134K, committed 21296K, reserved 1067008K
  class space    used 2982K, capacity 3161K, committed 3200K, reserved 1048576K
Event: 2.016 GC heap after
Heap after GC invocations=7 (full 1):
 PSYoungGen      total 74752K, used 0K [0x0000000760000000, 0x0000000765600000, 0x00000007c0000000)
  eden space 64512K, 0% used [0x0000000760000000,0x0000000760000000,0x0000000763f00000)
  from space 10240K, 0% used [0x0000000764a00000,0x0000000764a00000,0x0000000765400000)
  to   space 11264K, 0% used [0x0000000763f00000,0x0000000763f00000,0x0000000764a00000)
 ParOldGen       total 60416K, used 9551K [0x00000006a0000000, 0x00000006a3b00000, 0x0000000760000000)
  object space 60416K, 15% used [0x00000006a0000000,0x00000006a0953e00,0x00000006a3b00000)
 Metaspace       used 20659K, capacity 21134K, committed 21296K, reserved 1067008K
  class space    used 2982K, capacity 3161K, committed 3200K, reserved 1048576K
}
Event: 2.619 GC heap before
{Heap before GC invocations=8 (full 1):
 PSYoungGen      total 74752K, used 64512K [0x0000000760000000, 0x0000000765600000, 0x00000007c0000000)
  eden space 64512K, 100% used [0x0000000760000000,0x0000000763f00000,0x0000000763f00000)
  from space 10240K, 0% used [0x0000000764a00000,0x0000000764a00000,0x0000000765400000)
  to   space 11264K, 0% used [0x0000000763f00000,0x0000000763f00000,0x0000000764a00000)
 ParOldGen       total 60416K, used 9551K [0x00000006a0000000, 0x00000006a3b00000, 0x0000000760000000)
  object space 60416K, 15% used [0x00000006a0000000,0x00000006a0953e00,0x00000006a3b00000)
 Metaspace       used 28986K, capacity 29484K, committed 29696K, reserved 1075200K
  class space    used 3904K, capacity 4063K, committed 4096K, reserved 1048576K
Event: 2.627 GC heap after
Heap after GC invocations=8 (full 1):
 PSYoungGen      total 75776K, used 8004K [0x0000000760000000, 0x0000000767a00000, 0x00000007c0000000)
  eden space 64512K, 0% used [0x0000000760000000,0x0000000760000000,0x0000000763f00000)
  from space 11264K, 71% used [0x0000000763f00000,0x00000007646d11d0,0x0000000764a00000)
  to   space 11776K, 0% used [0x0000000766e80000,0x0000000766e80000,0x0000000767a00000)
 ParOldGen       total 60416K, used 9559K [0x00000006a0000000, 0x00000006a3b00000, 0x0000000760000000)
  object space 60416K, 15% used [0x00000006a0000000,0x00000006a0955e00,0x00000006a3b00000)
 Metaspace       used 28986K, capacity 29484K, committed 29696K, reserved 1075200K
  class space    used 3904K, capacity 4063K, committed 4096K, reserved 1048576K
}
Event: 3.206 GC heap before
{Heap before GC invocations=9 (full 1):
 PSYoungGen      total 75776K, used 72516K [0x0000000760000000, 0x0000000767a00000, 0x00000007c0000000)
  eden space 64512K, 100% used [0x0000000760000000,0x0000000763f00000,0x0000000763f00000)
  from space 11264K, 71% used [0x0000000763f00000,0x00000007646d11d0,0x0000000764a00000)
  to   space 11776K, 0% used [0x0000000766e80000,0x0000000766e80000,0x0000000767a00000)
 ParOldGen       total 60416K, used 9559K [0x00000006a0000000, 0x00000006a3b00000, 0x0000000760000000)
  object space 60416K, 15% used [0x00000006a0000000,0x00000006a0955e00,0x00000006a3b00000)
 Metaspace       used 31840K, capacity 32464K, committed 32768K, reserved 1077248K
  class space    used 4364K, capacity 4587K, committed 4608K, reserved 1048576K
Event: 3.213 GC heap after
Heap after GC invocations=9 (full 1):
 PSYoungGen      total 110080K, used 8092K [0x0000000760000000, 0x0000000767880000, 0x00000007c0000000)
  eden space 99840K, 0% used [0x0000000760000000,0x0000000760000000,0x0000000766180000)
  from space 10240K, 79% used [0x0000000766e80000,0x0000000767667378,0x0000000767880000)
  to   space 11776K, 0% used [0x0000000766180000,0x0000000766180000,0x0000000766d00000)
 ParOldGen       total 60416K, used 9567K [0x00000006a0000000, 0x00000006a3b00000, 0x0000000760000000)
  object space 60416K, 15% used [0x00000006a0000000,0x00000006a0957e00,0x00000006a3b00000)
 Metaspace       used 31840K, capacity 32464K, committed 32768K, reserved 1077248K
  class space    used 4364K, capacity 4587K, committed 4608K, reserved 1048576K
}
Event: 3.729 GC heap before
{Heap before GC invocations=10 (full 1):
 PSYoungGen      total 110080K, used 74615K [0x0000000760000000, 0x0000000767880000, 0x00000007c0000000)
  eden space 99840K, 66% used [0x0000000760000000,0x00000007640f6ad8,0x0000000766180000)
  from space 10240K, 79% used [0x0000000766e80000,0x0000000767667378,0x0000000767880000)
  to   space 11776K, 0% used [0x0000000766180000,0x0000000766180000,0x0000000766d00000)
 ParOldGen       total 60416K, used 9567K [0x00000006a0000000, 0x00000006a3b00000, 0x0000000760000000)
  object space 60416K, 15% used [0x00000006a0000000,0x00000006a0957e00,0x00000006a3b00000)
 Metaspace       used 34587K, capacity 35438K, committed 35496K, reserved 1079296K
  class space    used 4752K, capacity 4972K, committed 4992K, reserved 1048576K
Event: 3.740 GC heap after
Heap after GC invocations=10 (full 1):
 PSYoungGen      total 111616K, used 10529K [0x0000000760000000, 0x0000000767880000, 0x00000007c0000000)
  eden space 99840K, 0% used [0x0000000760000000,0x0000000760000000,0x0000000766180000)
  from space 11776K, 89% used [0x0000000766180000,0x0000000766bc8578,0x0000000766d00000)
  to   space 10240K, 0% used [0x0000000766e80000,0x0000000766e80000,0x0000000767880000)
 ParOldGen       total 60416K, used 9575K [0x00000006a0000000, 0x00000006a3b00000, 0x0000000760000000)
  object space 60416K, 15% used [0x00000006a0000000,0x00000006a0959e00,0x00000006a3b00000)
 Metaspace       used 34587K, capacity 35438K, committed 35496K, reserved 1079296K
  class space    used 4752K, capacity 4972K, committed 4992K, reserved 1048576K
}
Event: 3.740 GC heap before
{Heap before GC invocations=11 (full 2):
 PSYoungGen      total 111616K, used 10529K [0x0000000760000000, 0x0000000767880000, 0x00000007c0000000)
  eden space 99840K, 0% used [0x0000000760000000,0x0000000760000000,0x0000000766180000)
  from space 11776K, 89% used [0x0000000766180000,0x0000000766bc8578,0x0000000766d00000)
  to   space 10240K, 0% used [0x0000000766e80000,0x0000000766e80000,0x0000000767880000)
 ParOldGen       total 60416K, used 9575K [0x00000006a0000000, 0x00000006a3b00000, 0x0000000760000000)
  object space 60416K, 15% used [0x00000006a0000000,0x00000006a0959e00,0x00000006a3b00000)
 Metaspace       used 34587K, capacity 35438K, committed 35496K, reserved 1079296K
  class space    used 4752K, capacity 4972K, committed 4992K, reserved 1048576K
Event: 3.774 GC heap after
Heap after GC invocations=11 (full 2):
 PSYoungGen      total 111616K, used 0K [0x0000000760000000, 0x0000000767880000, 0x00000007c0000000)
  eden space 99840K, 0% used [0x0000000760000000,0x0000000760000000,0x0000000766180000)
  from space 11776K, 0% used [0x0000000766180000,0x0000000766180000,0x0000000766d00000)
  to   space 10240K, 0% used [0x0000000766e80000,0x0000000766e80000,0x0000000767880000)
 ParOldGen       total 60416K, used 17351K [0x00000006a0000000, 0x00000006a3b00000, 0x0000000760000000)
  object space 60416K, 28% used [0x00000006a0000000,0x00000006a10f1cd8,0x00000006a3b00000)
 Metaspace       used 34556K, capacity 35336K, committed 35496K, reserved 1079296K
  class space    used 4743K, capacity 4955K, committed 4992K, reserved 1048576K
}

