# JRE version: OpenJDK Runtime Environment (8.0_212-b04) (build 1.8.0_212-release-1586-b04)
# Java VM: OpenJDK 64-Bit Server VM (25.212-b04 mixed mode windows-amd64 compressed oops)
Heap:
 PSYoungGen      total 37888K, used 17001K [0x0000000760000000, 0x0000000762a00000, 0x00000007c0000000)
  eden space 32768K, 36% used [0x0000000760000000,0x0000000760ba2718,0x0000000762000000)
  from space 5120K, 99% used [0x0000000762500000,0x00000007629f8020,0x0000000762a00000)
  to   space 5120K, 0% used [0x0000000762000000,0x0000000762000000,0x0000000762500000)
 ParOldGen       total 86016K, used 3895K [0x00000006a0000000, 0x00000006a5400000, 0x0000000760000000)
  object space 86016K, 4% used [0x00000006a0000000,0x00000006a03cde28,0x00000006a5400000)
 Metaspace       used 15808K, capacity 16266K, committed 16512K, reserved 1062912K
  class space    used 2235K, capacity 2403K, committed 2432K, reserved 1048576K
GC Heap History (8 events):
Event: 0.587 GC heap before
{Heap before GC invocations=1 (full 0):
 PSYoungGen      total 37888K, used 32768K [0x0000000760000000, 0x0000000762a00000, 0x00000007c0000000)
  eden space 32768K, 100% used [0x0000000760000000,0x0000000762000000,0x0000000762000000)
  from space 5120K, 0% used [0x0000000762500000,0x0000000762500000,0x0000000762a00000)
  to   space 5120K, 0% used [0x0000000762000000,0x0000000762000000,0x0000000762500000)
 ParOldGen       total 86016K, used 0K [0x00000006a0000000, 0x00000006a5400000, 0x0000000760000000)
  object space 86016K, 0% used [0x00000006a0000000,0x00000006a0000000,0x00000006a5400000)
 Metaspace       used 7016K, capacity 7276K, committed 7424K, reserved 1056768K
  class space    used 857K, capacity 940K, committed 1024K, reserved 1048576K
Event: 0.591 GC heap after
Heap after GC invocations=1 (full 0):
 PSYoungGen      total 37888K, used 4352K [0x0000000760000000, 0x0000000762a00000, 0x00000007c0000000)
  eden space 32768K, 0% used [0x0000000760000000,0x0000000760000000,0x0000000762000000)
  from space 5120K, 85% used [0x0000000762000000,0x0000000762440380,0x0000000762500000)
  to   space 5120K, 0% used [0x0000000762500000,0x0000000762500000,0x0000000762a00000)
 ParOldGen       total 86016K, used 8K [0x00000006a0000000, 0x00000006a5400000, 0x0000000760000000)
  object space 86016K, 0% used [0x00000006a0000000,0x00000006a0002000,0x00000006a5400000)
 Metaspace       used 7016K, capacity 7276K, committed 7424K, reserved 1056768K
  class space    used 857K, capacity 940K, committed 1024K, reserved 1048576K
}
Event: 0.792 GC heap before
{Heap before GC invocations=2 (full 0):
 PSYoungGen      total 37888K, used 37120K [0x0000000760000000, 0x0000000762a00000, 0x00000007c0000000)
  eden space 32768K, 100% used [0x0000000760000000,0x0000000762000000,0x0000000762000000)
  from space 5120K, 85% used [0x0000000762000000,0x0000000762440380,0x0000000762500000)
  to   space 5120K, 0% used [0x0000000762500000,0x0000000762500000,0x0000000762a00000)
 ParOldGen       total 86016K, used 8K [0x00000006a0000000, 0x00000006a5400000, 0x0000000760000000)
  object space 86016K, 0% used [0x00000006a0000000,0x00000006a0002000,0x00000006a5400000)
 Metaspace       used 7341K, capacity 7590K, committed 7680K, reserved 1056768K
  class space    used 906K, capacity 981K, committed 1024K, reserved 1048576K
Event: 0.794 GC heap after
Heap after GC invocations=2 (full 0):
 PSYoungGen      total 37888K, used 3473K [0x0000000760000000, 0x0000000762a00000, 0x00000007c0000000)
  eden space 32768K, 0% used [0x0000000760000000,0x0000000760000000,0x0000000762000000)
  from space 5120K, 67% used [0x0000000762500000,0x0000000762864500,0x0000000762a00000)
  to   space 5120K, 0% used [0x0000000762000000,0x0000000762000000,0x0000000762500000)
 ParOldGen       total 86016K, used 16K [0x00000006a0000000, 0x00000006a5400000, 0x0000000760000000)
  object space 86016K, 0% used [0x00000006a0000000,0x00000006a0004000,0x00000006a5400000)
 Metaspace       used 7341K, capacity 7590K, committed 7680K, reserved 1056768K
  class space    used 906K, capacity 981K, committed 1024K, reserved 1048576K
}
Event: 1.504 GC heap before
{Heap before GC invocations=3 (full 0):
 PSYoungGen      total 37888K, used 36241K [0x0000000760000000, 0x0000000762a00000, 0x00000007c0000000)
  eden space 32768K, 100% used [0x0000000760000000,0x0000000762000000,0x0000000762000000)
  from space 5120K, 67% used [0x0000000762500000,0x0000000762864500,0x0000000762a00000)
  to   space 5120K, 0% used [0x0000000762000000,0x0000000762000000,0x0000000762500000)
 ParOldGen       total 86016K, used 16K [0x00000006a0000000, 0x00000006a5400000, 0x0000000760000000)
  object space 86016K, 0% used [0x00000006a0000000,0x00000006a0004000,0x00000006a5400000)
 Metaspace       used 12302K, capacity 12694K, committed 12928K, reserved 1060864K
  class space    used 1652K, capacity 1803K, committed 1920K, reserved 1048576K
Event: 1.508 GC heap after
Heap after GC invocations=3 (full 0):
 PSYoungGen      total 37888K, used 5104K [0x0000000760000000, 0x0000000762a00000, 0x00000007c0000000)
  eden space 32768K, 0% used [0x0000000760000000,0x0000000760000000,0x0000000762000000)
  from space 5120K, 99% used [0x0000000762000000,0x00000007624fc010,0x0000000762500000)
  to   space 5120K, 0% used [0x0000000762500000,0x0000000762500000,0x0000000762a00000)
 ParOldGen       total 86016K, used 1420K [0x00000006a0000000, 0x00000006a5400000, 0x0000000760000000)
  object space 86016K, 1% used [0x00000006a0000000,0x00000006a0163018,0x00000006a5400000)
 Metaspace       used 12302K, capacity 12694K, committed 12928K, reserved 1060864K
  class space    used 1652K, capacity 1803K, committed 1920K, reserved 1048576K
}
Event: 1.679 GC heap before
{Heap before GC invocations=4 (full 0):
 PSYoungGen      total 37888K, used 37872K [0x0000000760000000, 0x0000000762a00000, 0x00000007c0000000)
  eden space 32768K, 100% used [0x0000000760000000,0x0000000762000000,0x0000000762000000)
  from space 5120K, 99% used [0x0000000762000000,0x00000007624fc010,0x0000000762500000)
  to   space 5120K, 0% used [0x0000000762500000,0x0000000762500000,0x0000000762a00000)
 ParOldGen       total 86016K, used 1420K [0x00000006a0000000, 0x00000006a5400000, 0x0000000760000000)
  object space 86016K, 1% used [0x00000006a0000000,0x00000006a0163018,0x00000006a5400000)
 Metaspace       used 14588K, capacity 14976K, committed 15232K, reserved 1062912K
  class space    used 2042K, capacity 2160K, committed 2176K, reserved 1048576K
Event: 1.684 GC heap after
Heap after GC invocations=4 (full 0):
 PSYoungGen      total 37888K, used 5088K [0x0000000760000000, 0x0000000762a00000, 0x00000007c0000000)
  eden space 32768K, 0% used [0x0000000760000000,0x0000000760000000,0x0000000762000000)
  from space 5120K, 99% used [0x0000000762500000,0x00000007629f8020,0x0000000762a00000)
  to   space 5120K, 0% used [0x0000000762000000,0x0000000762000000,0x0000000762500000)
 ParOldGen       total 86016K, used 3895K [0x00000006a0000000, 0x00000006a5400000, 0x0000000760000000)
  object space 86016K, 4% used [0x00000006a0000000,0x00000006a03cde28,0x00000006a5400000)
 Metaspace       used 14588K, capacity 14976K, committed 15232K, reserved 1062912K
  class space    used 2042K, capacity 2160K, committed 2176K, reserved 1048576K
}

